ISim log file
Running: E:\CS152A\lab1\tb_isim_beh.exe -intstyle ise -gui -tclbatch isim.cmd -wdb E:/CS152A/lab1/tb_isim_beh.wdb 
ISim P.68d (signature 0x7708f090)
----------------------------------------------------------------------
WARNING:Security:42 - Your software subscription period has lapsed. Your current version of Xilinx tools will continue to function, but you no longer qualify for Xilinx software updates or new releases.


----------------------------------------------------------------------
This is a Full version of ISim.
Time resolution is 1 ps
# onerror resume
# wave add /
# restart
# run all
Simulator is doing circuit initialization process.
Finished circuit initialization process.
         5 ... led output changed to        00000000
   1501000 ... Running instruction        11000000
   5243925 ... instruction        11000000 executed
   5243925 ... led output changed to        00000001
   5307555 UART0 Received bytes 303030300a0d (0000

)
   6001000 ... Running instruction        00010001
   9176085 ... instruction        00010001 executed
   9176085 ... led output changed to        00000010
  10501000 ... Running instruction        11010000
  14418965 ... instruction        11010000 executed
  14418965 ... led output changed to        00000011
  14482595 UART0 Received bytes 303030310a0d (0001

)
  15001000 ... Running instruction        01000110
  18351125 ... instruction        01000110 executed
  18351125 ... led output changed to        00000100
  19501000 ... Running instruction        11100000
  23594005 ... instruction        11100000 executed
  23594005 ... led output changed to        00000101
  23657635 UART0 Received bytes 303030310a0d (0001

)
  24001000 ... Running instruction        01011000
  27526165 ... instruction        01011000 executed
  27526165 ... led output changed to        00000110
  28501000 ... Running instruction        11000000
  31458325 ... instruction        11000000 executed
  31458325 ... led output changed to        00000111
  31521955 UART0 Received bytes 303030320a0d (0002

)
  33001000 ... Running instruction        01100001
  36701205 ... instruction        01100001 executed
  36701205 ... led output changed to        00001000
  37501000 ... Running instruction        11010000
  40633365 ... instruction        11010000 executed
  40633365 ... led output changed to        00001001
  40696995 UART0 Received bytes 303030330a0d (0003

)
  42001000 ... Running instruction        01000110
  45876245 ... instruction        01000110 executed
  45876245 ... led output changed to        00001010
  46501000 ... Running instruction        11100000
  49808405 ... instruction        11100000 executed
  49808405 ... led output changed to        00001011
  49872035 UART0 Received bytes 303030350a0d (0005

)
  51001000 ... Running instruction        01011000
  55051285 ... instruction        01011000 executed
  55051285 ... led output changed to        00001100
  55501000 ... Running instruction        11000000
  58983445 ... instruction        11000000 executed
  58983445 ... led output changed to        00001101
  59047075 UART0 Received bytes 303030380a0d (0008

)
  60001000 ... Running instruction        01100001
  62915605 ... instruction        01100001 executed
  62915605 ... led output changed to        00001110
  64501000 ... Running instruction        11010000
  68158485 ... instruction        11010000 executed
  68158485 ... led output changed to        00001111
  68222115 UART0 Received bytes 303030440a0d (000D

)
  69001000 ... Running instruction        01000110
  72090645 ... instruction        01000110 executed
  72090645 ... led output changed to        00010000
  73501000 ... Running instruction        11100000
  77333525 ... instruction        11100000 executed
  77333525 ... led output changed to        00010001
  77397155 UART0 Received bytes 303031350a0d (0015

)
  78001000 ... Running instruction        01011000
  81265685 ... instruction        01011000 executed
  81265685 ... led output changed to        00010010
  82501000 ... Running instruction        11000000
  86508565 ... instruction        11000000 executed
  86508565 ... led output changed to        00010011
  86572195 UART0 Received bytes 303032320a0d (0022

)
Stopped at time : 87002 us : File "E:/CS152A/lab1/tb/tb.v" Line 63
