Release 14.6 - xst P.68d (nt64)
Copyright (c) 1995-2013 Xilinx, Inc.  All rights reserved.
--> Parameter TMPDIR set to xst/projnav.tmp


Total REAL time to Xst completion: 0.00 secs
Total CPU time to Xst completion: 0.17 secs
 
--> Parameter xsthdpdir set to xst


Total REAL time to Xst completion: 0.00 secs
Total CPU time to Xst completion: 0.17 secs
 
--> Reading design: top.prj

TABLE OF CONTENTS
  1) Synthesis Options Summary
  2) HDL Parsing
  3) HDL Elaboration
  4) HDL Synthesis
       4.1) HDL Synthesis Report
  5) Advanced HDL Synthesis
       5.1) Advanced HDL Synthesis Report
  6) Low Level Synthesis
  7) Partition Report
  8) Design Summary
       8.1) Primitive and Black Box Usage
       8.2) Device utilization summary
       8.3) Partition Resource Summary
       8.4) Timing Report
            8.4.1) Clock Information
            8.4.2) Asynchronous Control Signals Information
            8.4.3) Timing Summary
            8.4.4) Timing Details
            8.4.5) Cross Clock Domains Report


=========================================================================
*                      Synthesis Options Summary                        *
=========================================================================
---- Source Parameters
Input File Name                    : "top.prj"
Ignore Synthesis Constraint File   : NO

---- Target Parameters
Output File Name                   : "top"
Output Format                      : NGC
Target Device                      : xc6slx16-3-csg324

---- Source Options
Top Module Name                    : top
Automatic FSM Extraction           : YES
FSM Encoding Algorithm             : Auto
Safe Implementation                : No
FSM Style                          : LUT
RAM Extraction                     : Yes
RAM Style                          : Auto
ROM Extraction                     : Yes
Shift Register Extraction          : YES
ROM Style                          : Auto
Resource Sharing                   : YES
Asynchronous To Synchronous        : NO
Shift Register Minimum Size        : 2
Use DSP Block                      : Auto
Automatic Register Balancing       : No

---- Target Options
LUT Combining                      : Auto
Reduce Control Sets                : Auto
Add IO Buffers                     : YES
Global Maximum Fanout              : 100000
Add Generic Clock Buffer(BUFG)     : 16
Register Duplication               : YES
Optimize Instantiated Primitives   : NO
Use Clock Enable                   : Auto
Use Synchronous Set                : Auto
Use Synchronous Reset              : Auto
Pack IO Registers into IOBs        : Auto
Equivalent register Removal        : YES

---- General Options
Optimization Goal                  : Speed
Optimization Effort                : 1
Power Reduction                    : NO
Keep Hierarchy                     : No
Netlist Hierarchy                  : As_Optimized
RTL Output                         : Yes
Global Optimization                : AllClockNets
Read Cores                         : YES
Write Timing Constraints           : NO
Cross Clock Analysis               : NO
Hierarchy Separator                : /
Bus Delimiter                      : <>
Case Specifier                     : Maintain
Slice Utilization Ratio            : 100
BRAM Utilization Ratio             : 100
DSP48 Utilization Ratio            : 100
Auto BRAM Packing                  : NO
Slice Utilization Ratio Delta      : 5

=========================================================================


=========================================================================
*                          HDL Parsing                                  *
=========================================================================
Analyzing Verilog file "E:\CS152A\lab2\sign_magnitude.v" into library work
Parsing module <sign_magnitude>.
Analyzing Verilog file "E:\CS152A\lab2\rounding.v" into library work
Parsing module <rounding>.
Analyzing Verilog file "E:\CS152A\lab2\count_zeroes.v" into library work
Parsing module <count_zeroes>.
Analyzing Verilog file "E:\CS152A\lab2\top.v" into library work
Parsing module <top>.

=========================================================================
*                            HDL Elaboration                            *
=========================================================================

Elaborating module <top>.

Elaborating module <sign_magnitude>.
WARNING:HDLCompiler:413 - "E:\CS152A\lab2\sign_magnitude.v" Line 32: Result of 32-bit expression is truncated to fit in 12-bit target.

Elaborating module <count_zeroes>.
WARNING:HDLCompiler:413 - "E:\CS152A\lab2\count_zeroes.v" Line 44: Result of 4-bit expression is truncated to fit in 3-bit target.
WARNING:HDLCompiler:413 - "E:\CS152A\lab2\count_zeroes.v" Line 45: Result of 5-bit expression is truncated to fit in 4-bit target.
WARNING:HDLCompiler:413 - "E:\CS152A\lab2\count_zeroes.v" Line 46: Result of 6-bit expression is truncated to fit in 1-bit target.
WARNING:HDLCompiler:413 - "E:\CS152A\lab2\count_zeroes.v" Line 55: Result of 12-bit expression is truncated to fit in 4-bit target.

Elaborating module <rounding>.
WARNING:HDLCompiler:413 - "E:\CS152A\lab2\rounding.v" Line 35: Result of 4-bit expression is truncated to fit in 3-bit target.
WARNING:HDLCompiler:413 - "E:\CS152A\lab2\rounding.v" Line 43: Result of 5-bit expression is truncated to fit in 4-bit target.

=========================================================================
*                           HDL Synthesis                               *
=========================================================================

Synthesizing Unit <top>.
    Related source file is "E:\CS152A\lab2\top.v".
    Summary:
	no macro.
Unit <top> synthesized.

Synthesizing Unit <sign_magnitude>.
    Related source file is "E:\CS152A\lab2\sign_magnitude.v".
    Found 32-bit adder for signal <n0007> created at line 32.
    Summary:
	inferred   1 Adder/Subtractor(s).
	inferred   1 Multiplexer(s).
Unit <sign_magnitude> synthesized.

Synthesizing Unit <count_zeroes>.
    Related source file is "E:\CS152A\lab2\count_zeroes.v".
WARNING:Xst:737 - Found 1-bit latch for signal <F<3>>. Latches may be generated from incomplete case or if statements. We do not recommend the use of latches in FPGA/CPLD designs, as they may lead to timing problems.
WARNING:Xst:737 - Found 1-bit latch for signal <F<2>>. Latches may be generated from incomplete case or if statements. We do not recommend the use of latches in FPGA/CPLD designs, as they may lead to timing problems.
WARNING:Xst:737 - Found 1-bit latch for signal <F<1>>. Latches may be generated from incomplete case or if statements. We do not recommend the use of latches in FPGA/CPLD designs, as they may lead to timing problems.
WARNING:Xst:737 - Found 1-bit latch for signal <F<0>>. Latches may be generated from incomplete case or if statements. We do not recommend the use of latches in FPGA/CPLD designs, as they may lead to timing problems.
WARNING:Xst:737 - Found 1-bit latch for signal <fifth_bit>. Latches may be generated from incomplete case or if statements. We do not recommend the use of latches in FPGA/CPLD designs, as they may lead to timing problems.
WARNING:Xst:737 - Found 1-bit latch for signal <E<2>>. Latches may be generated from incomplete case or if statements. We do not recommend the use of latches in FPGA/CPLD designs, as they may lead to timing problems.
WARNING:Xst:737 - Found 1-bit latch for signal <E<1>>. Latches may be generated from incomplete case or if statements. We do not recommend the use of latches in FPGA/CPLD designs, as they may lead to timing problems.
WARNING:Xst:737 - Found 1-bit latch for signal <E<0>>. Latches may be generated from incomplete case or if statements. We do not recommend the use of latches in FPGA/CPLD designs, as they may lead to timing problems.
    Summary:
	inferred   8 Latch(s).
	inferred  54 Multiplexer(s).
Unit <count_zeroes> synthesized.

Synthesizing Unit <rounding>.
    Related source file is "E:\CS152A\lab2\rounding.v".
    Found 3-bit adder for signal <exponent[2]_GND_12_o_add_3_OUT> created at line 35.
    Found 4-bit adder for signal <significand[3]_GND_12_o_add_6_OUT> created at line 43.
    Summary:
	inferred   2 Adder/Subtractor(s).
	inferred   6 Multiplexer(s).
Unit <rounding> synthesized.

=========================================================================
HDL Synthesis Report

Macro Statistics
# Adders/Subtractors                                   : 3
 3-bit adder                                           : 1
 32-bit adder                                          : 1
 4-bit adder                                           : 1
# Latches                                              : 8
 1-bit latch                                           : 8
# Multiplexers                                         : 61
 1-bit 2-to-1 multiplexer                              : 45
 12-bit 2-to-1 multiplexer                             : 1
 3-bit 2-to-1 multiplexer                              : 3
 32-bit 2-to-1 multiplexer                             : 7
 4-bit 2-to-1 multiplexer                              : 5

=========================================================================

=========================================================================
*                       Advanced HDL Synthesis                          *
=========================================================================


=========================================================================
Advanced HDL Synthesis Report

Macro Statistics
# Adders/Subtractors                                   : 3
 12-bit adder                                          : 1
 3-bit adder                                           : 1
 4-bit adder                                           : 1
# Multiplexers                                         : 61
 1-bit 2-to-1 multiplexer                              : 45
 12-bit 2-to-1 multiplexer                             : 1
 3-bit 2-to-1 multiplexer                              : 3
 32-bit 2-to-1 multiplexer                             : 7
 4-bit 2-to-1 multiplexer                              : 5

=========================================================================

=========================================================================
*                         Low Level Synthesis                           *
=========================================================================
WARNING:Xst:3002 - This design contains one or more registers/latches that are directly
   incompatible with the Spartan6 architecture. The two primary causes of this is
   either a register or latch described with both an asynchronous set and
   asynchronous reset, or a register or latch described with an asynchronous
   set or reset which however has an initialization value of the opposite 
   polarity (i.e. asynchronous reset with an initialization value of 1).
    While this circuit can be built, it creates a sub-optimal implementation
   in terms of area, power and performance. For a more optimal implementation
   Xilinx highly recommends one of the following:

          1) Remove either the set or reset from all registers and latches
             if not needed for required functionality
          2) Modify the code in order to produce a synchronous set
             and/or reset (both is preferred)
          3) Ensure all registers have the same initialization value as the
             described asynchronous set or reset polarity
          4) Use the -async_to_sync option to transform the asynchronous
             set/reset to synchronous operation
             (timing simulation highly recommended when using this option)

  Please refer to http://www.xilinx.com search string "Spartan6 asynchronous set/reset" for more details.

  List of register instances with asynchronous set and reset:
    E_0 in unit <count_zeroes>
    E_1 in unit <count_zeroes>
    E_2 in unit <count_zeroes>


Optimizing unit <top> ...

Optimizing unit <sign_magnitude> ...

Optimizing unit <count_zeroes> ...
WARNING:Xst:1294 - Latch <F_3> is equivalent to a wire in block <count_zeroes>.
WARNING:Xst:1294 - Latch <F_2> is equivalent to a wire in block <count_zeroes>.
WARNING:Xst:1294 - Latch <F_1> is equivalent to a wire in block <count_zeroes>.
WARNING:Xst:1294 - Latch <F_0> is equivalent to a wire in block <count_zeroes>.

Mapping all equations...
Building and optimizing final netlist ...
Found area constraint ratio of 100 (+ 5) on block top, actual ratio is 1.

Final Macro Processing ...

=========================================================================
Final Register Report

Found no macro
=========================================================================

=========================================================================
*                           Partition Report                            *
=========================================================================

Partition Implementation Status
-------------------------------

  No Partitions were found in this design.

-------------------------------

=========================================================================
*                            Design Summary                             *
=========================================================================

Top Level Output File Name         : top.ngc

Primitive and Black Box Usage:
------------------------------
# BELS                             : 93
#      GND                         : 1
#      INV                         : 11
#      LUT1                        : 1
#      LUT2                        : 1
#      LUT3                        : 17
#      LUT4                        : 5
#      LUT5                        : 8
#      LUT6                        : 24
#      MUXCY                       : 11
#      MUXF7                       : 1
#      VCC                         : 1
#      XORCY                       : 12
# FlipFlops/Latches                : 4
#      LD                          : 3
#      LDC                         : 1
# IO Buffers                       : 20
#      IBUF                        : 12
#      OBUF                        : 8

Device utilization summary:
---------------------------

Selected Device : 6slx16csg324-3 


Slice Logic Utilization: 
 Number of Slice Registers:               4  out of  18224     0%  
 Number of Slice LUTs:                   67  out of   9112     0%  
    Number used as Logic:                67  out of   9112     0%  

Slice Logic Distribution: 
 Number of LUT Flip Flop pairs used:     67
   Number with an unused Flip Flop:      63  out of     67    94%  
   Number with an unused LUT:             0  out of     67     0%  
   Number of fully used LUT-FF pairs:     4  out of     67     5%  
   Number of unique control sets:         4

IO Utilization: 
 Number of IOs:                          20
 Number of bonded IOBs:                  20  out of    232     8%  

Specific Feature Utilization:

---------------------------
Partition Resource Summary:
---------------------------

  No Partitions were found in this design.

---------------------------


=========================================================================
Timing Report

NOTE: THESE TIMING NUMBERS ARE ONLY A SYNTHESIS ESTIMATE.
      FOR ACCURATE TIMING INFORMATION PLEASE REFER TO THE TRACE REPORT
      GENERATED AFTER PLACE-and-ROUTE.

Clock Information:
------------------
--------------------------------------------------------+------------------------+-------+
Clock Signal                                            | Clock buffer(FF name)  | Load  |
--------------------------------------------------------+------------------------+-------+
cz/GND_3_o_GND_3_o_OR_69_o(cz/GND_3_o_GND_3_o_OR_69_o:O)| NONE(*)(cz/fifth_bit)  | 1     |
cz/E_0_G(cz/E_0_G:O)                                    | NONE(*)(cz/E_0)        | 1     |
cz/E_1_G(cz/E_1_G:O)                                    | NONE(*)(cz/E_1)        | 1     |
cz/E_2_G(cz/E_2_G:O)                                    | NONE(*)(cz/E_2)        | 1     |
--------------------------------------------------------+------------------------+-------+
(*) These 4 clock signal(s) are generated by combinatorial logic,
and XST is not able to identify which are the primary clock signals.
Please use the CLOCK_SIGNAL constraint to specify the clock signal(s) generated by combinatorial logic.
INFO:Xst:2169 - HDL ADVISOR - Some clock signals were not automatically buffered by XST with BUFG/BUFR resources. Please use the buffer_type constraint in order to insert these buffers to the clock signals to help prevent skew problems.

Asynchronous Control Signals Information:
----------------------------------------
No asynchronous control signals found in this design

Timing Summary:
---------------
Speed Grade: -3

   Minimum period: No path found
   Minimum input arrival time before clock: 7.029ns
   Maximum output required time after clock: 5.849ns
   Maximum combinational path delay: 12.618ns

Timing Details:
---------------
All values displayed in nanoseconds (ns)

=========================================================================
Timing constraint: Default OFFSET IN BEFORE for Clock 'cz/GND_3_o_GND_3_o_OR_69_o'
  Total number of paths / destination ports: 288 / 2
-------------------------------------------------------------------------
Offset:              7.029ns (Levels of Logic = 16)
  Source:            D<0> (PAD)
  Destination:       cz/fifth_bit (LATCH)
  Destination Clock: cz/GND_3_o_GND_3_o_OR_69_o falling

  Data Path: D<0> to cz/fifth_bit
                                Gate     Net
    Cell:in->out      fanout   Delay   Delay  Logical Name (Net Name)
    ----------------------------------------  ------------
     IBUF:I->O             2   1.222   0.617  D_0_IBUF (D_0_IBUF)
     LUT1:I0->O            1   0.205   0.000  sm/Madd_n0007_Madd_cy<0>_rt (sm/Madd_n0007_Madd_cy<0>_rt)
     MUXCY:S->O            1   0.172   0.000  sm/Madd_n0007_Madd_cy<0> (sm/Madd_n0007_Madd_cy<0>)
     MUXCY:CI->O           1   0.019   0.000  sm/Madd_n0007_Madd_cy<1> (sm/Madd_n0007_Madd_cy<1>)
     MUXCY:CI->O           1   0.019   0.000  sm/Madd_n0007_Madd_cy<2> (sm/Madd_n0007_Madd_cy<2>)
     MUXCY:CI->O           1   0.019   0.000  sm/Madd_n0007_Madd_cy<3> (sm/Madd_n0007_Madd_cy<3>)
     MUXCY:CI->O           1   0.019   0.000  sm/Madd_n0007_Madd_cy<4> (sm/Madd_n0007_Madd_cy<4>)
     MUXCY:CI->O           1   0.019   0.000  sm/Madd_n0007_Madd_cy<5> (sm/Madd_n0007_Madd_cy<5>)
     MUXCY:CI->O           1   0.019   0.000  sm/Madd_n0007_Madd_cy<6> (sm/Madd_n0007_Madd_cy<6>)
     MUXCY:CI->O           1   0.019   0.000  sm/Madd_n0007_Madd_cy<7> (sm/Madd_n0007_Madd_cy<7>)
     MUXCY:CI->O           1   0.019   0.000  sm/Madd_n0007_Madd_cy<8> (sm/Madd_n0007_Madd_cy<8>)
     XORCY:CI->O           3   0.180   0.651  sm/Madd_n0007_Madd_xor<9> (sm/n0007<9>)
     LUT3:I2->O           11   0.205   1.227  sm/Mmux_M121 (magnitude<9>)
     LUT6:I1->O            1   0.203   0.827  cz/Mmux_fifth_bit_M[0]_MUX_59_o25_SW0 (N16)
     LUT6:I2->O            1   0.203   0.924  cz/Mmux_fifth_bit_M[0]_MUX_59_o25 (cz/Mmux_fifth_bit_M[0]_MUX_59_o24)
     LUT6:I1->O            1   0.203   0.000  cz/Mmux_fifth_bit_M[0]_MUX_59_o26 (cz/fifth_bit_M[0]_MUX_59_o)
     LDC:D                     0.037          cz/fifth_bit
    ----------------------------------------
    Total                      7.029ns (2.782ns logic, 4.247ns route)
                                       (39.6% logic, 60.4% route)

=========================================================================
Timing constraint: Default OFFSET IN BEFORE for Clock 'cz/E_0_G'
  Total number of paths / destination ports: 164 / 1
-------------------------------------------------------------------------
Offset:              6.613ns (Levels of Logic = 12)
  Source:            D<0> (PAD)
  Destination:       cz/E_0 (LATCH)
  Destination Clock: cz/E_0_G falling

  Data Path: D<0> to cz/E_0
                                Gate     Net
    Cell:in->out      fanout   Delay   Delay  Logical Name (Net Name)
    ----------------------------------------  ------------
     IBUF:I->O             2   1.222   0.617  D_0_IBUF (D_0_IBUF)
     LUT1:I0->O            1   0.205   0.000  sm/Madd_n0007_Madd_cy<0>_rt (sm/Madd_n0007_Madd_cy<0>_rt)
     MUXCY:S->O            1   0.172   0.000  sm/Madd_n0007_Madd_cy<0> (sm/Madd_n0007_Madd_cy<0>)
     MUXCY:CI->O           1   0.019   0.000  sm/Madd_n0007_Madd_cy<1> (sm/Madd_n0007_Madd_cy<1>)
     MUXCY:CI->O           1   0.019   0.000  sm/Madd_n0007_Madd_cy<2> (sm/Madd_n0007_Madd_cy<2>)
     MUXCY:CI->O           1   0.019   0.000  sm/Madd_n0007_Madd_cy<3> (sm/Madd_n0007_Madd_cy<3>)
     MUXCY:CI->O           1   0.019   0.000  sm/Madd_n0007_Madd_cy<4> (sm/Madd_n0007_Madd_cy<4>)
     XORCY:CI->O           2   0.180   0.617  sm/Madd_n0007_Madd_xor<5> (sm/n0007<5>)
     LUT3:I2->O           10   0.205   1.104  sm/Mmux_M81 (magnitude<5>)
     LUT6:I2->O            2   0.203   0.845  cz/GND_3_o_PWR_3_o_AND_12_o_SW0 (N6)
     LUT6:I3->O            2   0.205   0.721  cz/GND_3_o_PWR_3_o_AND_12_o (cz/GND_3_o_PWR_3_o_AND_12_o)
     LUT3:I1->O            1   0.203   0.000  cz/E_0_D (cz/E_0_D)
     LD:D                      0.037          cz/E_0
    ----------------------------------------
    Total                      6.613ns (2.708ns logic, 3.905ns route)
                                       (40.9% logic, 59.1% route)

=========================================================================
Timing constraint: Default OFFSET IN BEFORE for Clock 'cz/E_1_G'
  Total number of paths / destination ports: 148 / 1
-------------------------------------------------------------------------
Offset:              6.200ns (Levels of Logic = 6)
  Source:            D<11> (PAD)
  Destination:       cz/E_1 (LATCH)
  Destination Clock: cz/E_1_G falling

  Data Path: D<11> to cz/E_1
                                Gate     Net
    Cell:in->out      fanout   Delay   Delay  Logical Name (Net Name)
    ----------------------------------------  ------------
     IBUF:I->O            23   1.222   1.153  D_11_IBUF (D_11_IBUF)
     INV:I->O              0   0.206   0.000  sm/n0010<11>1_INV_0 (sm/n0010<11>)
     XORCY:LI->O           2   0.136   0.961  sm/Madd_n0007_Madd_xor<11> (sm/n0007<11>)
     LUT6:I1->O            4   0.203   1.028  cz/GND_3_o_PWR_3_o_AND_10_o21 (cz/GND_3_o_PWR_3_o_AND_10_o_bdd0)
     LUT5:I0->O            2   0.203   0.845  cz/GND_3_o_PWR_3_o_AND_11_o11 (cz/GND_3_o_PWR_3_o_AND_11_o)
     LUT3:I0->O            1   0.205   0.000  cz/E_1_D (cz/E_1_D)
     LD:D                      0.037          cz/E_1
    ----------------------------------------
    Total                      6.200ns (2.212ns logic, 3.988ns route)
                                       (35.7% logic, 64.3% route)

=========================================================================
Timing constraint: Default OFFSET IN BEFORE for Clock 'cz/E_2_G'
  Total number of paths / destination ports: 112 / 1
-------------------------------------------------------------------------
Offset:              6.220ns (Levels of Logic = 6)
  Source:            D<11> (PAD)
  Destination:       cz/E_2 (LATCH)
  Destination Clock: cz/E_2_G falling

  Data Path: D<11> to cz/E_2
                                Gate     Net
    Cell:in->out      fanout   Delay   Delay  Logical Name (Net Name)
    ----------------------------------------  ------------
     IBUF:I->O            23   1.222   1.153  D_11_IBUF (D_11_IBUF)
     INV:I->O              0   0.206   0.000  sm/n0010<11>1_INV_0 (sm/n0010<11>)
     XORCY:LI->O           2   0.136   0.961  sm/Madd_n0007_Madd_xor<11> (sm/n0007<11>)
     LUT6:I1->O            4   0.203   1.048  cz/GND_3_o_PWR_3_o_AND_10_o21 (cz/GND_3_o_PWR_3_o_AND_10_o_bdd0)
     LUT6:I0->O            2   0.203   0.845  cz/GND_3_o_PWR_3_o_AND_9_o11 (cz/GND_3_o_PWR_3_o_AND_9_o)
     LUT3:I0->O            1   0.205   0.000  cz/E_2_D (cz/E_2_D)
     LD:D                      0.037          cz/E_2
    ----------------------------------------
    Total                      6.220ns (2.212ns logic, 4.008ns route)
                                       (35.6% logic, 64.4% route)

=========================================================================
Timing constraint: Default OFFSET OUT AFTER for Clock 'cz/E_0_G'
  Total number of paths / destination ports: 6 / 6
-------------------------------------------------------------------------
Offset:              5.849ns (Levels of Logic = 3)
  Source:            cz/E_0 (LATCH)
  Destination:       F<1> (PAD)
  Source Clock:      cz/E_0_G falling

  Data Path: cz/E_0 to F<1>
                                Gate     Net
    Cell:in->out      fanout   Delay   Delay  Logical Name (Net Name)
    ----------------------------------------  ------------
     LD:G->Q               4   0.498   0.912  cz/E_0 (cz/E_0)
     LUT5:I2->O            3   0.205   0.879  r/Mmux_F311 (r/Mmux_F31)
     LUT4:I1->O            1   0.205   0.579  r/Mmux_F21 (F_1_OBUF)
     OBUF:I->O                 2.571          F_1_OBUF (F<1>)
    ----------------------------------------
    Total                      5.849ns (3.479ns logic, 2.370ns route)
                                       (59.5% logic, 40.5% route)

=========================================================================
Timing constraint: Default OFFSET OUT AFTER for Clock 'cz/E_1_G'
  Total number of paths / destination ports: 6 / 6
-------------------------------------------------------------------------
Offset:              5.723ns (Levels of Logic = 3)
  Source:            cz/E_1 (LATCH)
  Destination:       F<1> (PAD)
  Source Clock:      cz/E_1_G falling

  Data Path: cz/E_1 to F<1>
                                Gate     Net
    Cell:in->out      fanout   Delay   Delay  Logical Name (Net Name)
    ----------------------------------------  ------------
     LD:G->Q               4   0.498   0.788  cz/E_1 (cz/E_1)
     LUT5:I3->O            3   0.203   0.879  r/Mmux_F311 (r/Mmux_F31)
     LUT4:I1->O            1   0.205   0.579  r/Mmux_F21 (F_1_OBUF)
     OBUF:I->O                 2.571          F_1_OBUF (F<1>)
    ----------------------------------------
    Total                      5.723ns (3.477ns logic, 2.246ns route)
                                       (60.8% logic, 39.2% route)

=========================================================================
Timing constraint: Default OFFSET OUT AFTER for Clock 'cz/GND_3_o_GND_3_o_OR_69_o'
  Total number of paths / destination ports: 7 / 7
-------------------------------------------------------------------------
Offset:              5.754ns (Levels of Logic = 3)
  Source:            cz/fifth_bit (LATCH)
  Destination:       E<0> (PAD)
  Source Clock:      cz/GND_3_o_GND_3_o_OR_69_o falling

  Data Path: cz/fifth_bit to E<0>
                                Gate     Net
    Cell:in->out      fanout   Delay   Delay  Logical Name (Net Name)
    ----------------------------------------  ------------
     LDC:G->Q              5   0.498   0.819  cz/fifth_bit (cz/fifth_bit)
     LUT5:I3->O            3   0.203   0.879  r/Mmux_E221 (r/Mmux_E22)
     LUT4:I1->O            1   0.205   0.579  r/Mmux_E11 (E_0_OBUF)
     OBUF:I->O                 2.571          E_0_OBUF (E<0>)
    ----------------------------------------
    Total                      5.754ns (3.477ns logic, 2.277ns route)
                                       (60.4% logic, 39.6% route)

=========================================================================
Timing constraint: Default OFFSET OUT AFTER for Clock 'cz/E_2_G'
  Total number of paths / destination ports: 6 / 6
-------------------------------------------------------------------------
Offset:              5.621ns (Levels of Logic = 3)
  Source:            cz/E_2 (LATCH)
  Destination:       F<1> (PAD)
  Source Clock:      cz/E_2_G falling

  Data Path: cz/E_2 to F<1>
                                Gate     Net
    Cell:in->out      fanout   Delay   Delay  Logical Name (Net Name)
    ----------------------------------------  ------------
     LD:G->Q               4   0.498   0.684  cz/E_2 (cz/E_2)
     LUT5:I4->O            3   0.205   0.879  r/Mmux_F311 (r/Mmux_F31)
     LUT4:I1->O            1   0.205   0.579  r/Mmux_F21 (F_1_OBUF)
     OBUF:I->O                 2.571          F_1_OBUF (F<1>)
    ----------------------------------------
    Total                      5.621ns (3.479ns logic, 2.142ns route)
                                       (61.9% logic, 38.1% route)

=========================================================================
Timing constraint: Default path analysis
  Total number of paths / destination ports: 3983 / 8
-------------------------------------------------------------------------
Delay:               12.618ns (Levels of Logic = 18)
  Source:            D<0> (PAD)
  Destination:       E<0> (PAD)

  Data Path: D<0> to E<0>
                                Gate     Net
    Cell:in->out      fanout   Delay   Delay  Logical Name (Net Name)
    ----------------------------------------  ------------
     IBUF:I->O             2   1.222   0.617  D_0_IBUF (D_0_IBUF)
     LUT1:I0->O            1   0.205   0.000  sm/Madd_n0007_Madd_cy<0>_rt (sm/Madd_n0007_Madd_cy<0>_rt)
     MUXCY:S->O            1   0.172   0.000  sm/Madd_n0007_Madd_cy<0> (sm/Madd_n0007_Madd_cy<0>)
     MUXCY:CI->O           1   0.019   0.000  sm/Madd_n0007_Madd_cy<1> (sm/Madd_n0007_Madd_cy<1>)
     MUXCY:CI->O           1   0.019   0.000  sm/Madd_n0007_Madd_cy<2> (sm/Madd_n0007_Madd_cy<2>)
     MUXCY:CI->O           1   0.019   0.000  sm/Madd_n0007_Madd_cy<3> (sm/Madd_n0007_Madd_cy<3>)
     MUXCY:CI->O           1   0.019   0.000  sm/Madd_n0007_Madd_cy<4> (sm/Madd_n0007_Madd_cy<4>)
     MUXCY:CI->O           1   0.019   0.000  sm/Madd_n0007_Madd_cy<5> (sm/Madd_n0007_Madd_cy<5>)
     MUXCY:CI->O           1   0.019   0.000  sm/Madd_n0007_Madd_cy<6> (sm/Madd_n0007_Madd_cy<6>)
     XORCY:CI->O           4   0.180   0.684  sm/Madd_n0007_Madd_xor<7> (sm/n0007<7>)
     LUT3:I2->O           18   0.205   1.278  sm/Mmux_M101 (magnitude<7>)
     LUT6:I3->O            1   0.205   0.580  cz/Mmux_F[3]_M[3]_mux_41_OUT<0>33 (cz/Mmux_F[3]_M[3]_mux_41_OUT<0>32)
     LUT6:I5->O            1   0.205   0.580  cz/Mmux_F[3]_M[3]_mux_41_OUT<0>34 (cz/Mmux_F[3]_M[3]_mux_41_OUT<0>34)
     LUT6:I5->O            1   0.205   0.808  cz/Mmux_F[3]_M[3]_mux_41_OUT<0>35_SW0 (N12)
     LUT6:I3->O            5   0.205   0.715  cz/Mmux_F[3]_M[3]_mux_41_OUT<0>35 (significand<0>)
     LUT5:I4->O            3   0.205   0.879  r/Mmux_E221 (r/Mmux_E22)
     LUT4:I1->O            1   0.205   0.579  r/Mmux_E11 (E_0_OBUF)
     OBUF:I->O                 2.571          E_0_OBUF (E<0>)
    ----------------------------------------
    Total                     12.618ns (5.899ns logic, 6.719ns route)
                                       (46.7% logic, 53.3% route)

=========================================================================

Cross Clock Domains Report:
--------------------------

=========================================================================


Total REAL time to Xst completion: 13.00 secs
Total CPU time to Xst completion: 13.07 secs
 
--> 

Total memory usage is 257468 kilobytes

Number of errors   :    0 (   0 filtered)
Number of warnings :   20 (   0 filtered)
Number of infos    :    1 (   0 filtered)

